This is pdfTeX, Version 3.14159265-2.6-1.40.16 (TeX Live 2015/Debian) (preloaded format=pdflatex 2018.10.11)  1 DEC 2018 03:57
entering extended mode
 restricted \write18 enabled.
 %&-line parsing enabled.
**project.tex
(./project.tex
LaTeX2e <2016/02/01>
Babel <3.9q> and hyphenation patterns for 3 language(s) loaded.
(/usr/share/texlive/texmf-dist/tex/latex/base/article.cls
Document Class: article 2014/09/29 v1.4h Standard LaTeX document class
(/usr/share/texlive/texmf-dist/tex/latex/base/size10.clo
File: size10.clo 2014/09/29 v1.4h Standard LaTeX file (size option)
)
\c@part=\count79
\c@section=\count80
\c@subsection=\count81
\c@subsubsection=\count82
\c@paragraph=\count83
\c@subparagraph=\count84
\c@figure=\count85
\c@table=\count86
\abovecaptionskip=\skip41
\belowcaptionskip=\skip42
\bibindent=\dimen102
)
(/usr/share/texlive/texmf-dist/tex/latex/graphics/graphicx.sty
Package: graphicx 2014/10/28 v1.0g Enhanced LaTeX Graphics (DPC,SPQR)

(/usr/share/texlive/texmf-dist/tex/latex/graphics/keyval.sty
Package: keyval 2014/10/28 v1.15 key=value parser (DPC)
\KV@toks@=\toks14
)
(/usr/share/texlive/texmf-dist/tex/latex/graphics/graphics.sty
Package: graphics 2016/01/03 v1.0q Standard LaTeX Graphics (DPC,SPQR)

(/usr/share/texlive/texmf-dist/tex/latex/graphics/trig.sty
Package: trig 2016/01/03 v1.10 sin cos tan (DPC)
)
(/usr/share/texlive/texmf-dist/tex/latex/latexconfig/graphics.cfg
File: graphics.cfg 2010/04/23 v1.9 graphics configuration of TeX Live
)
Package graphics Info: Driver file: pdftex.def on input line 95.

(/usr/share/texlive/texmf-dist/tex/latex/pdftex-def/pdftex.def
File: pdftex.def 2011/05/27 v0.06d Graphics/color for pdfTeX

(/usr/share/texlive/texmf-dist/tex/generic/oberdiek/infwarerr.sty
Package: infwarerr 2010/04/08 v1.3 Providing info/warning/error messages (HO)
)
(/usr/share/texlive/texmf-dist/tex/generic/oberdiek/ltxcmds.sty
Package: ltxcmds 2011/11/09 v1.22 LaTeX kernel commands for general use (HO)
)
\Gread@gobject=\count87
))
\Gin@req@height=\dimen103
\Gin@req@width=\dimen104
)
(./project.aux (./intro.aux) (./ch1.aux) (./ch2.aux) (./ch3.aux) (./ch4.aux)
(./biblio.aux))
\openout1 = `project.aux'.

LaTeX Font Info:    Checking defaults for OML/cmm/m/it on input line 5.
LaTeX Font Info:    ... okay on input line 5.
LaTeX Font Info:    Checking defaults for T1/cmr/m/n on input line 5.
LaTeX Font Info:    ... okay on input line 5.
LaTeX Font Info:    Checking defaults for OT1/cmr/m/n on input line 5.
LaTeX Font Info:    ... okay on input line 5.
LaTeX Font Info:    Checking defaults for OMS/cmsy/m/n on input line 5.
LaTeX Font Info:    ... okay on input line 5.
LaTeX Font Info:    Checking defaults for OMX/cmex/m/n on input line 5.
LaTeX Font Info:    ... okay on input line 5.
LaTeX Font Info:    Checking defaults for U/cmr/m/n on input line 5.
LaTeX Font Info:    ... okay on input line 5.
 (/usr/share/texlive/texmf-dist/tex/context/base/supp-pdf.mkii
[Loading MPS to PDF converter (version 2006.09.02).]
\scratchcounter=\count88
\scratchdimen=\dimen105
\scratchbox=\box26
\nofMPsegments=\count89
\nofMParguments=\count90
\everyMPshowfont=\toks15
\MPscratchCnt=\count91
\MPscratchDim=\dimen106
\MPnumerator=\count92
\makeMPintoPDFobject=\count93
\everyMPtoPDFconversion=\toks16
) (/usr/share/texlive/texmf-dist/tex/generic/oberdiek/pdftexcmds.sty
Package: pdftexcmds 2011/11/29 v0.20 Utility functions of pdfTeX for LuaTeX (HO
)

(/usr/share/texlive/texmf-dist/tex/generic/oberdiek/ifluatex.sty
Package: ifluatex 2010/03/01 v1.3 Provides the ifluatex switch (HO)
Package ifluatex Info: LuaTeX not detected.
)
(/usr/share/texlive/texmf-dist/tex/generic/oberdiek/ifpdf.sty
Package: ifpdf 2011/01/30 v2.3 Provides the ifpdf switch (HO)
Package ifpdf Info: pdfTeX in PDF mode is detected.
)
Package pdftexcmds Info: LuaTeX not detected.
Package pdftexcmds Info: \pdf@primitive is available.
Package pdftexcmds Info: \pdf@ifprimitive is available.
Package pdftexcmds Info: \pdfdraftmode found.
)
(/usr/share/texlive/texmf-dist/tex/latex/oberdiek/epstopdf-base.sty
Package: epstopdf-base 2010/02/09 v2.5 Base part for package epstopdf

(/usr/share/texlive/texmf-dist/tex/latex/oberdiek/grfext.sty
Package: grfext 2010/08/19 v1.1 Manage graphics extensions (HO)

(/usr/share/texlive/texmf-dist/tex/generic/oberdiek/kvdefinekeys.sty
Package: kvdefinekeys 2011/04/07 v1.3 Define keys (HO)
))
(/usr/share/texlive/texmf-dist/tex/latex/oberdiek/kvoptions.sty
Package: kvoptions 2011/06/30 v3.11 Key value format for package options (HO)

(/usr/share/texlive/texmf-dist/tex/generic/oberdiek/kvsetkeys.sty
Package: kvsetkeys 2012/04/25 v1.16 Key value parser (HO)

(/usr/share/texlive/texmf-dist/tex/generic/oberdiek/etexcmds.sty
Package: etexcmds 2011/02/16 v1.5 Avoid name clashes with e-TeX commands (HO)
Package etexcmds Info: Could not find \expanded.
(etexcmds)             That can mean that you are not using pdfTeX 1.50 or
(etexcmds)             that some package has redefined \expanded.
(etexcmds)             In the latter case, load this package earlier.
)))
Package grfext Info: Graphics extension search list:
(grfext)             [.png,.pdf,.jpg,.mps,.jpeg,.jbig2,.jb2,.PNG,.PDF,.JPG,.JPE
G,.JBIG2,.JB2,.eps]
(grfext)             \AppendGraphicsExtensions on input line 452.

(/usr/share/texlive/texmf-dist/tex/latex/latexconfig/epstopdf-sys.cfg
File: epstopdf-sys.cfg 2010/07/13 v1.3 Configuration of (r)epstopdf for TeX Liv
e
))
<images/logo.pdf, id=1, 288.07625pt x 89.33376pt>
File: images/logo.pdf Graphic file (type pdf)
 <use images/logo.pdf>
Package pdftex.def Info: images/logo.pdf used on input line 8.
(pdftex.def)             Requested size: 288.07553pt x 89.33353pt.

[1

{/var/lib/texmf/fonts/map/pdftex/updmap/pdftex.map} <./images/logo.pdf>]
\openout2 = `intro.aux'.


(./intro.tex <images/siu-homepage.jpg, id=14, 803.0pt x 428.60126pt>
File: images/siu-homepage.jpg Graphic file (type jpg)

<use images/siu-homepage.jpg>
Package pdftex.def Info: images/siu-homepage.jpg used on input line 15.
(pdftex.def)             Requested size: 321.1943pt x 171.43745pt.
) [1

 <./images/siu-homepage.jpg>]
\openout2 = `ch1.aux'.

 (./ch1.tex)
[2


]
\openout2 = `ch2.aux'.

 (./ch2.tex
LaTeX Font Info:    Try loading font information for OMS+cmr on input line 4.
 (/usr/share/texlive/texmf-dist/tex/latex/base/omscmr.fd
File: omscmr.fd 2014/09/29 v2.5h Standard LaTeX font definitions
)
LaTeX Font Info:    Font shape `OMS/cmr/m/n' in size <10> not available
(Font)              Font shape `OMS/cmsy/m/n' tried instead on input line 4.

<images/models-diagram.jpg, id=24, 653.44125pt x 322.20375pt>
File: images/models-diagram.jpg Graphic file (type jpg)

<use images/models-diagram.jpg>
Package pdftex.def Info: images/models-diagram.jpg used on input line 13.
(pdftex.def)             Requested size: 326.71982pt x 161.10147pt.
 [3


 <./images/models-diagram.jpg>]
<images/turret-diagram.jpg, id=29, 121.45375pt x 241.90375pt>
File: images/turret-diagram.jpg Graphic file (type jpg)

<use images/turret-diagram.jpg>
Package pdftex.def Info: images/turret-diagram.jpg used on input line 24.
(pdftex.def)             Requested size: 60.72672pt x 120.95157pt.

<images/turret-blender.jpg, id=30, 963.6pt x 502.12593pt>
File: images/turret-blender.jpg Graphic file (type jpg)

<use images/turret-blender.jpg>
Package pdftex.def Info: images/turret-blender.jpg used on input line 31.
(pdftex.def)             Requested size: 337.26506pt x 175.7467pt.
 [4 <./images/turret-diagram.jpg> <./images/turret-blender.jpg>] <images/storm-
plane.png, id=34, 1133.23375pt x 381.425pt>
File: images/storm-plane.png Graphic file (type png)

<use images/storm-plane.png>
Package pdftex.def Info: images/storm-plane.png used on input line 40.
(pdftex.def)             Requested size: 339.97275pt x 114.42838pt.
 [5 <./images/storm-plane.png>]
<images/tps-orbitview.png, id=38, 1445.4pt x 727.96968pt>
File: images/tps-orbitview.png Graphic file (type png)

<use images/tps-orbitview.png>
Package pdftex.def Info: images/tps-orbitview.png used on input line 52.
(pdftex.def)             Requested size: 317.98898pt x 160.15382pt.
) [6 <./images/tps-orbitview.png (PNG copy)>]
\openout2 = `ch3.aux'.


(./ch3.tex <images/supporto_bracci_anim.png, id=43, 540.0175pt x 124.465pt>
File: images/supporto_bracci_anim.png Graphic file (type png)

<use images/supporto_bracci_anim.png>
Package pdftex.def Info: images/supporto_bracci_anim.png used on input line 13.

(pdftex.def)             Requested size: 189.00896pt x 43.5634pt.
 [7


 <./images/supporto_bracci_anim.png>]
<images/onGame-code.png, id=48, 1129.97156pt x 475.7775pt>
File: images/onGame-code.png Graphic file (type png)

<use images/onGame-code.png>
Package pdftex.def Info: images/onGame-code.png used on input line 34.
(pdftex.def)             Requested size: 338.99408pt x 142.73434pt.

<images/StormGui.png, id=49, 185.94469pt x 268.75406pt>
File: images/StormGui.png Graphic file (type png)

<use images/StormGui.png>
Package pdftex.def Info: images/StormGui.png used on input line 46.
(pdftex.def)             Requested size: 52.06415pt x 75.25061pt.
LaTeX Font Info:    External font `cmex10' loaded for size
(Font)              <7> on input line 48.
LaTeX Font Info:    External font `cmex10' loaded for size
(Font)              <5> on input line 48.

<images/TPStormGui.png, id=50, 182.93344pt x 330.48468pt>
File: images/TPStormGui.png Graphic file (type png)

<use images/TPStormGui.png>
Package pdftex.def Info: images/TPStormGui.png used on input line 51.
(pdftex.def)             Requested size: 51.22101pt x 92.53508pt.


LaTeX Warning: `!h' float specifier changed to `!ht'.

<images/onGoing_Storm.png, id=51, 1445.4pt x 780.66656pt>
File: images/onGoing_Storm.png Graphic file (type png)

<use images/onGoing_Storm.png>
Package pdftex.def Info: images/onGoing_Storm.png used on input line 64.
(pdftex.def)             Requested size: 260.16077pt x 140.51392pt.
 [8 <./images/onGame-code.png (PNG copy)>]
<images/onGoing_TPStorm.png, id=55, 1445.4pt x 780.66656pt>
File: images/onGoing_TPStorm.png Graphic file (type png)

<use images/onGoing_TPStorm.png>
Package pdftex.def Info: images/onGoing_TPStorm.png used on input line 74.
(pdftex.def)             Requested size: 260.16077pt x 140.51392pt.
 [9 <./images/StormGui.png (PNG copy)> <./images/TPStormGui.png (PNG copy)> <./
images/onGoing_Storm.png (PNG copy)>]
<images/rolling.png, id=60, 911.405pt x 189.70876pt>
File: images/rolling.png Graphic file (type png)
 <use images/rolling.png>
Package pdftex.def Info: images/rolling.png used on input line 96.
(pdftex.def)             Requested size: 364.55554pt x 75.88214pt.

Overfull \hbox (19.55554pt too wide) in paragraph at lines 96--97
 [] 
 []

[10 <./images/onGoing_TPStorm.png (PNG copy)>]
<images/explosion.png, id=68, 747.79375pt x 497.86pt>
File: images/explosion.png Graphic file (type png)

<use images/explosion.png>
Package pdftex.def Info: images/explosion.png used on input line 105.
(pdftex.def)             Requested size: 299.1122pt x 199.14047pt.

Underfull \hbox (badness 10000) in paragraph at lines 102--110

 []

[11 <./images/rolling.png> <./images/explosion.png>]

LaTeX Warning: Citation `(' on page 12 undefined on input line 120.

<images/renderer-shadow.png, id=73, 299.61937pt x 28.60687pt>
File: images/renderer-shadow.png Graphic file (type png)

<use images/renderer-shadow.png>
Package pdftex.def Info: images/renderer-shadow.png used on input line 124.
(pdftex.def)             Requested size: 104.86835pt x 10.01254pt.

<images/light-shadow.png, id=74, 425.33907pt x 71.51718pt>
File: images/light-shadow.png Graphic file (type png)

<use images/light-shadow.png>
Package pdftex.def Info: images/light-shadow.png used on input line 129.
(pdftex.def)             Requested size: 148.8709pt x 25.03137pt.

Overfull \hbox (35.02026pt too wide) in paragraph at lines 129--130
 [][] 
 []

<images/object-shadow.png, id=75, 188.95593pt x 29.35968pt>
File: images/object-shadow.png Graphic file (type png)

<use images/object-shadow.png>
Package pdftex.def Info: images/object-shadow.png used on input line 134.
(pdftex.def)             Requested size: 66.13556pt x 10.27603pt.
) [12 <./images/renderer-shadow.png (PNG copy)> <./images/light-shadow.png (PNG
 copy)> <./images/object-shadow.png (PNG copy)>]
\openout2 = `ch4.aux'.


(./ch4.tex) [13


]
\openout2 = `biblio.aux'.

 (./biblio.tex
Underfull \hbox (badness 10000) in paragraph at lines 9--10
[]\OT1/cmr/m/it/10 http://hecodes.com/2016/07/using-mvc-pattern-for-building-co
mplex-three-
 []

) [14


] (./project.aux (./intro.aux) (./ch1.aux) (./ch2.aux) (./ch3.aux)
(./ch4.aux) (./biblio.aux))

LaTeX Warning: There were undefined references.

 ) 
Here is how much of TeX's memory you used:
 1635 strings out of 494953
 24026 string characters out of 6180976
 79117 words of memory out of 5000000
 4870 multiletter control sequences out of 15000+600000
 6102 words of font info for 22 fonts, out of 8000000 for 9000
 14 hyphenation exceptions out of 8191
 37i,9n,23p,757b,269s stack positions out of 5000i,500n,10000p,200000b,80000s
</usr/share/texlive/texmf-dist/fonts/type1/public/amsfonts/cm/cmbx10.pfb></us
r/share/texlive/texmf-dist/fonts/type1/public/amsfonts/cm/cmbx12.pfb></usr/shar
e/texlive/texmf-dist/fonts/type1/public/amsfonts/cm/cmmi10.pfb></usr/share/texl
ive/texmf-dist/fonts/type1/public/amsfonts/cm/cmmi7.pfb></usr/share/texlive/tex
mf-dist/fonts/type1/public/amsfonts/cm/cmr10.pfb></usr/share/texlive/texmf-dist
/fonts/type1/public/amsfonts/cm/cmr12.pfb></usr/share/texlive/texmf-dist/fonts/
type1/public/amsfonts/cm/cmr17.pfb></usr/share/texlive/texmf-dist/fonts/type1/p
ublic/amsfonts/cm/cmr7.pfb></usr/share/texlive/texmf-dist/fonts/type1/public/am
sfonts/cm/cmr9.pfb></usr/share/texlive/texmf-dist/fonts/type1/public/amsfonts/c
m/cmsy10.pfb></usr/share/texlive/texmf-dist/fonts/type1/public/amsfonts/cm/cmsy
7.pfb></usr/share/texlive/texmf-dist/fonts/type1/public/amsfonts/cm/cmti10.pfb>

Output written on project.pdf (15 pages, 11021928 bytes).
PDF statistics:
 125 PDF objects out of 1000 (max. 8388607)
 74 compressed objects within 1 object stream
 0 named destinations out of 1000 (max. 500000)
 91 words of extra memory for PDF output out of 10000 (max. 10000000)

